<?xml version="1.0" encoding="UTF-8"?>
<!-- Generated by org.testng.reporters.JUnitReportReporter -->
<testsuite skipped="0" hostname="MSI" name="io.duotech.tests.OrderTests" tests="1" failures="0" timestamp="2020-03-19T21:43:15 EDT" time="7.731" errors="0">
  <testcase name="verifyQuantityErrorMessage" time="7.731" classname="io.duotech.tests.OrderTests"/>
</testsuite> <!-- io.duotech.tests.OrderTests -->
